make all --print-data-base --no-builtin-variables --no-builtin-rules --question
# GNU Make 4.3
# Built for x86_64-pc-linux-gnu
# Copyright (C) 1988-2020 Free Software Foundation, Inc.
# License GPLv3+: GNU GPL version 3 or later <http://gnu.org/licenses/gpl.html>
# This is free software: you are free to change and redistribute it.
# There is NO WARRANTY, to the extent permitted by law.

# Make data base, printed on Mon Aug  1 17:43:19 2022

# Variables

# makefile (from 'Makefile', line 10)
OBJ = $(SRC:.cpp=.o)	
# environment
GDK_BACKEND = x11
# environment
LC_ALL = C
# makefile (from 'Makefile', line 9)
SRC = $(wildcard src/*.cpp)
# environment
GNOME_SHELL_SESSION_MODE = ubuntu
# environment
SSH_AGENT_LAUNCHER = gnome-keyring
# environment
SNAP_INSTANCE_KEY = 
# environment
GJS_DEBUG_OUTPUT = stderr
# environment
LC_NAME = fr_FR.UTF-8
# environment
LC_NUMERIC = fr_FR.UTF-8
# environment
VSCODE_CWD = /home/blankhat
# environment
LC_ADDRESS = fr_FR.UTF-8
# environment
LIBVIRT_DEFAULT_URI = qemu:///system
# default
MAKE_COMMAND := make
# environment
QT_ACCESSIBILITY = 1
# automatic
@D = $(patsubst %/,%,$(dir $@))
# environment
SNAP_INSTANCE_NAME = code
# environment
GDK_PIXBUF_MODULEDIR = /snap/code/102/usr/lib/x86_64-linux-gnu/gdk-pixbuf-2.0/2.10.0/loaders
# environment
VSCODE_HANDLES_UNCAUGHT_ERRORS = true
# default
.VARIABLES := 
# environment
PWD = /home/blankhat/Documents/info/C++/Game
# automatic
%D = $(patsubst %/,%,$(dir $%))
# environment
XDG_DATA_DIRS = /usr/share/ubuntu:/usr/local/share/:/usr/share/:/var/lib/snapd/desktop
# automatic
^D = $(patsubst %/,%,$(dir $^))
# automatic
%F = $(notdir $%)
# environment
VSCODE_CODE_CACHE_PATH = /home/blankhat/.config/Code/CachedData/3b889b090b5ad5793f524b5d1d39fda662b96a2a
# environment
LANG = C
# environment
XAUTHORITY = /run/user/1000/.mutter-Xwaylandauth.O1C8P1
# default
.LOADED := 
# default
.INCLUDE_DIRS = /usr/local/include /usr/include /usr/include
# makefile
MAKEFLAGS = pqrR
# makefile
CURDIR := /home/blankhat/Documents/info/C++/Game
# environment
APPLICATION_INSIGHTS_NO_DIAGNOSTIC_CHANNEL = true
# environment
LESSOPEN = | /usr/bin/lesspipe %s
# automatic
*D = $(patsubst %/,%,$(dir $*))
# environment
MFLAGS = -pqrR
# environment
SSH_AUTH_SOCK = /run/user/1000/keyring/ssh
# default
.SHELLFLAGS := -c
# environment
WAYLAND_DISPLAY = wayland-0
# environment
XDG_CONFIG_DIRS = /etc/xdg/xdg-ubuntu:/etc/xdg
# automatic
+D = $(patsubst %/,%,$(dir $+))
# environment
XDG_SESSION_DESKTOP = ubuntu
# makefile (from 'Makefile', line 1)
MAKEFILE_LIST := Makefile
# environment
SNAP_REEXEC = 
# automatic
@F = $(notdir $@)
# environment
VSCODE_PID = 2862
# environment
XDG_SESSION_TYPE = wayland
# automatic
?D = $(patsubst %/,%,$(dir $?))
# environment
BAMF_DESKTOP_FILE_HINT = /var/lib/snapd/desktop/applications/code_code.desktop
# environment
SESSION_MANAGER = local/computer:@/tmp/.ICE-unix/2060,unix/computer:/tmp/.ICE-unix/2060
# automatic
*F = $(notdir $*)
# environment
CHROME_DESKTOP = code-url-handler.desktop
# environment
DBUS_SESSION_BUS_ADDRESS = unix:path=/run/user/1000/bus
# automatic
<D = $(patsubst %/,%,$(dir $<))
# makefile (from 'Makefile', line 2)
EXEC = game
# environment
VSCODE_NLS_CONFIG = {"locale":"en-us","availableLanguages":{},"_languagePackSupport":true}
# default
MAKE_HOST := x86_64-pc-linux-gnu
# environment
GNOME_DESKTOP_SESSION_ID = this-is-deprecated
# makefile
SHELL = /bin/sh
# default
MAKECMDGOALS := all
# environment
XMODIFIERS = @im=ibus
# environment
GJS_DEBUG_TOPICS = JS ERROR;JS LOG
# environment
SHLVL = 0
# environment
MAKELEVEL := 0
# environment
IM_CONFIG_CHECK_ENV = 1
# default
MAKE = $(MAKE_COMMAND)
# environment
SNAP_COOKIE = 2gn5yiaYHw69r2HCDUbSNEC4buBwhPsBbT317cxe_MThEEHrhB0t
# environment
PATH = /usr/local/sbin:/usr/local/bin:/usr/sbin:/usr/bin:/sbin:/bin:/usr/games:/usr/local/games:/snap/bin:/snap/bin
# default
MAKEFILES := 
# environment
LC_MONETARY = fr_FR.UTF-8
# automatic
^F = $(notdir $^)
# environment
SNAP_USER_COMMON = /home/blankhat/snap/code/common
# environment
LC_TIME = fr_FR.UTF-8
# environment
SNAP = /snap/code/102
# environment
INVOCATION_ID = bb741c7a3bb74842a4e8f3d65693cb55
# environment
SNAP_REVISION = 102
# environment
SNAP_REAL_HOME = /home/blankhat
# environment
USERNAME = blankhat
# environment
GNOME_SETUP_DISPLAY = :1
# environment
LC_TELEPHONE = fr_FR.UTF-8
# environment
LESSCLOSE = /usr/bin/lesspipe %s %s
# automatic
?F = $(notdir $?)
# environment
XDG_CURRENT_DESKTOP = Unity
# environment
LS_COLORS = 
# automatic
+F = $(notdir $+)
# environment
DESKTOP_SESSION = ubuntu
# environment
ORIGINAL_XDG_CURRENT_DESKTOP = ubuntu:GNOME
# 'override' directive
GNUMAKEFLAGS := 
# environment
LOGNAME = blankhat
# environment
GIO_LAUNCHED_DESKTOP_FILE = /var/lib/snapd/desktop/applications/code_code.desktop
# environment
SNAP_ARCH = amd64
# makefile
.DEFAULT_GOAL := all
# environment
SYSTEMD_EXEC_PID = 2102
# environment
DISPLAY = :0
# environment
USER = blankhat
# environment
GTK_MODULES = gail:atk-bridge
# default
MAKE_VERSION := 4.3
# environment
DISABLE_WAYLAND = 1
# environment
SNAP_DATA = /var/snap/code/102
# environment
SNAP_CONTEXT = 2gn5yiaYHw69r2HCDUbSNEC4buBwhPsBbT317cxe_MThEEHrhB0t
# makefile (from 'Makefile', line 18)
LDFLAGS = 
# environment
MANAGERPID = 1881
# environment
LC_MEASUREMENT = fr_FR.UTF-8
# environment
GIO_LAUNCHED_DESKTOP_FILE_PID = 2700
# environment
_ = /snap/code/102/usr/share/code/code
# environment
LC_PAPER = fr_FR.UTF-8
# environment
XDG_RUNTIME_DIR = /run/user/1000
# makefile (from 'Makefile', line 17)
CFLAGS = -std=c++20 -Werror -Wextra -Wall	 -O3 -DNDEBUG
# environment
GDK_PIXBUF_MODULE_FILE = /home/blankhat/snap/code/common/.cache/gdk-pixbuf-loaders.cache
# environment
JOURNAL_STREAM = 8:34705
# environment
XDG_SESSION_CLASS = user
# environment
VSCODE_AMD_ENTRYPOINT = vs/workbench/api/node/extensionHostProcess
# environment
HOME = /home/blankhat
# environment
QT_IM_MODULE = ibus
# environment
ELECTRON_RUN_AS_NODE = 1
# environment
VSCODE_IPC_HOOK = /run/user/1000/vscode-d52392cf-1.69.2-main.sock
# environment
SNAP_NAME = code
 
# environment
GSETTINGS_SCHEMA_DIR = /snap/code/102/usr/share/glib-2.0/schemas
# environment
IM_CONFIG_PHASE = 1
# default
.RECIPEPREFIX := 
# automatic
<F = $(notdir $<)
# environment
SNAP_VERSION = 3b889b09
# default
SUFFIXES := 
# environment
VSCODE_CLI = 1
# environment
ELECTRON_NO_ATTACH_CONSOLE = 1
# environment
SNAP_COMMON = /var/snap/code/common
# default
.FEATURES := target-specific order-only second-expansion else-if shortest-stem undefine oneshell nocomment grouped-target extra-prereqs archives jobserver output-sync check-symlink load
# makefile (from 'Makefile', line 5)
CC = g++	
# environment
SNAP_USER_DATA = /home/blankhat/snap/code/102
# environment
XDG_MENU_PREFIX = gnome-
# environment
GDMSESSION = ubuntu
# environment
LC_IDENTIFICATION = fr_FR.UTF-8
# environment
SNAP_LIBRARY_PATH = /var/lib/snapd/lib/gl:/var/lib/snapd/lib/gl32:/var/lib/snapd/void
# variable set hash-table stats:
# Load=133/1024=13%, Rehash=0, Collisions=9/176=5%

# Pattern-specific Variable Values

# No pattern-specific variable values.

# Directories

# src (device 66306, inode 6422568): 13 files, no impossibilities.
# . (device 66306, inode 6424982): 6 files, no impossibilities.

# 19 files, no impossibilities in 2 directories.

# Implicit Rules

%.o: %.cpp
#  recipe to execute (from 'Makefile', line 25):
	@$(CC) -o $@ -c $< $(CFLAGS)

# 1 implicit rules, 0 (0.0%) terminal.
# Files

# Not a target:
src/Game.cpp:
#  Implicit rule search has been done.
#  Last modified 2022-08-01 17:42:33.601550289
#  File has been updated.
#  Successfully updated.

game: src/Board.o src/Case.o src/Game.o src/Player.o src/Token.o src/main.o
#  Implicit rule search has not been done.
#  File does not exist.
#  File has been updated.
#  Needs to be updated (-q is set).
# variable set hash-table stats:
# Load=0/32=0%, Rehash=0, Collisions=0/5=0%
#  recipe to execute (from 'Makefile', line 29):
	@$(CC) -o $@ $^ $(LDFLAGS)

# Not a target:
src/Board.cpp:
#  Implicit rule search has been done.
#  Last modified 2022-08-01 17:33:50.212924808
#  File has been updated.
#  Successfully updated.

src/Player.o: src/Player.cpp
#  Implicit rule search has been done.
#  Implicit/static pattern stem: 'src/Player'
#  Last modified 2022-08-01 17:42:38.017494884
#  File has been updated.
#  Successfully updated.
#  recipe to execute (from 'Makefile', line 25):
	@$(CC) -o $@ -c $< $(CFLAGS)

# Not a target:
Makefile:
#  Implicit rule search has been done.
#  Last modified 2022-08-01 17:43:09.933108056
#  File has been updated.
#  Successfully updated.

src/Token.o: src/Token.cpp
#  Implicit rule search has been done.
#  Implicit/static pattern stem: 'src/Token'
#  Last modified 2022-08-01 17:42:38.489488992
#  File has been updated.
#  Successfully updated.
#  recipe to execute (from 'Makefile', line 25):
	@$(CC) -o $@ -c $< $(CFLAGS)

# Not a target:
src/main.cpp:
#  Implicit rule search has been done.
#  Last modified 2022-08-01 17:33:41.445230275
#  File has been updated.
#  Successfully updated.

clean:
#  Phony target (prerequisite of .PHONY).
#  Implicit rule search has not been done.
#  File does not exist.
#  File has not been updated.
#  recipe to execute (from 'Makefile', line 35):
	@rm -rf *.o

src/main.o: src/main.cpp
#  Implicit rule search has been done.
#  Implicit/static pattern stem: 'src/main'
#  File does not exist.
#  File has been updated.
#  Needs to be updated (-q is set).
# automatic
# @ := src/main.o
# automatic
# * := src/main
# automatic
# < := src/main.cpp
# automatic
# + := src/main.cpp
# automatic
# % := 
# automatic
# ^ := src/main.cpp
# automatic
# ? := src/main.cpp
# automatic
# | := 
# variable set hash-table stats:
# Load=8/32=25%, Rehash=0, Collisions=2/15=13%
#  recipe to execute (from 'Makefile', line 25):
	@$(CC) -o $@ -c $< $(CFLAGS)

# Not a target:
.DEFAULT:
#  Implicit rule search has not been done.
#  Modification time never checked.
#  File has not been updated.

all: game
#  Command line target.
#  Implicit rule search has been done.
#  File does not exist.
#  File has been updated.
#  Needs to be updated (-q is set).
# variable set hash-table stats:
# Load=0/32=0%, Rehash=0, Collisions=0/5=0%

src/Board.o: src/Board.cpp
#  Implicit rule search has been done.
#  Implicit/static pattern stem: 'src/Board'
#  Last modified 2022-08-01 17:41:33.950346385
#  File has been updated.
#  Successfully updated.
#  recipe to execute (from 'Makefile', line 25):
	@$(CC) -o $@ -c $< $(CFLAGS)

src/Case.o: src/Case.cpp
#  Implicit rule search has been done.
#  Implicit/static pattern stem: 'src/Case'
#  Last modified 2022-08-01 17:41:34.346340798
#  File has been updated.
#  Successfully updated.
#  recipe to execute (from 'Makefile', line 25):
	@$(CC) -o $@ -c $< $(CFLAGS)

# Not a target:
src/Player.cpp:
#  Implicit rule search has been done.
#  Last modified 2022-08-01 17:37:05.12731654
#  File has been updated.
#  Successfully updated.

# Not a target:
src/Token.cpp:
#  Implicit rule search has been done.
#  Last modified 2022-08-01 17:37:09.43121501
#  File has been updated.
#  Successfully updated.

src/Game.o: src/Game.cpp
#  Implicit rule search has been done.
#  Implicit/static pattern stem: 'src/Game'
#  Last modified 2022-08-01 17:42:37.613499936
#  File has been updated.
#  Successfully updated.
#  recipe to execute (from 'Makefile', line 25):
	@$(CC) -o $@ -c $< $(CFLAGS)

.PHONY: clean
#  Implicit rule search has not been done.
#  Modification time never checked.
#  File has not been updated.

# Not a target:
src/Case.cpp:
#  Implicit rule search has been done.
#  Last modified 2022-08-01 17:12:38.443352067
#  File has been updated.
#  Successfully updated.

# files hash-table stats:
# Load=19/1024=2%, Rehash=0, Collisions=0/58=0%
# VPATH Search Paths

# No 'vpath' search paths.

# No general ('VPATH' variable) search path.

# strcache buffers: 1 (0) / strings = 45 / storage = 425 B / avg = 9 B
# current buf: size = 8162 B / used = 425 B / count = 45 / avg = 9 B

# strcache performance: lookups = 65 / hit rate = 30%
# hash-table stats:
# Load=45/8192=1%, Rehash=0, Collisions=0/65=0%
# Finished Make data base on Mon Aug  1 17:43:19 2022

 
